INFO: pocketsphinx.c(152): Parsed model-specific feature parameters from files/sphinx/models\en-us/en-us/feat.params
Current configuration:
[NAME]			[DEFLT]		[VALUE]
-agc			none		none
-agcthresh		2.0		2.000000e+00
-allphone				
-allphone_ci		yes		yes
-alpha			0.97		9.700000e-01
-ascale			20.0		2.000000e+01
-aw			1		1
-backtrace		no		no
-beam			1e-48		1.000000e-48
-bestpath		yes		yes
-bestpathlw		9.5		9.500000e+00
-ceplen			13		13
-cmn			live		current
-cmninit		40,3,-1		40,3,-1
-compallsen		no		no
-dict					files/sphinx/models\en-us/cmudict-en-us.dict
-dictcase		no		no
-dither			no		no
-doublebw		no		no
-ds			1		1
-fdict					
-feat			1s_c_d_dd	1s_c_d_dd
-featparams				
-fillprob		1e-8		1.000000e-08
-frate			100		100
-fsg					
-fsgusealtpron		yes		yes
-fsgusefiller		yes		yes
-fwdflat		yes		yes
-fwdflatbeam		1e-64		1.000000e-64
-fwdflatefwid		4		4
-fwdflatlw		8.5		8.500000e+00
-fwdflatsfwin		25		25
-fwdflatwbeam		7e-29		7.000000e-29
-fwdtree		yes		yes
-hmm					files/sphinx/models\en-us/en-us
-input_endian		little		little
-jsgf					
-keyphrase				jarvis
-kws					
-kws_delay		10		10
-kws_plp		1e-1		1.000000e-01
-kws_threshold		1e-30		1.000000e-30
-latsize		5000		5000
-lda					
-ldadim			0		0
-lifter			0		22
-lm					
-lmctl					
-lmname					
-logbase		1.0001		1.000100e+00
-logfn					files/sphinx.log
-logspec		no		no
-lowerf			133.33334	1.300000e+02
-lpbeam			1e-40		1.000000e-40
-lponlybeam		7e-29		7.000000e-29
-lw			6.5		6.500000e+00
-maxhmmpf		30000		30000
-maxwpf			-1		-1
-mdef					
-mean					
-mfclogdir				
-min_endfr		0		0
-mixw					
-mixwfloor		0.0000001	1.000000e-07
-mllr					
-mmap			yes		yes
-ncep			13		13
-nfft			512		512
-nfilt			40		25
-nwpen			1.0		1.000000e+00
-pbeam			1e-48		1.000000e-48
-pip			1.0		1.000000e+00
-pl_beam		1e-10		1.000000e-10
-pl_pbeam		1e-10		1.000000e-10
-pl_pip			1.0		1.000000e+00
-pl_weight		3.0		3.000000e+00
-pl_window		5		5
-rawlogdir				
-remove_dc		no		no
-remove_noise		yes		yes
-remove_silence		yes		yes
-round_filters		yes		yes
-samprate		16000		1.600000e+04
-seed			-1		-1
-sendump				
-senlogdir				
-senmgau				
-silprob		0.005		5.000000e-03
-smoothspec		no		no
-svspec					0-12/13-25/26-38
-tmat					
-tmatfloor		0.0001		1.000000e-04
-topn			4		4
-topn_beam		0		0
-toprule				
-transform		legacy		dct
-unit_area		yes		yes
-upperf			6855.4976	6.800000e+03
-uw			1.0		1.000000e+00
-vad_postspeech		50		50
-vad_prespeech		20		20
-vad_startspeech	10		10
-vad_threshold		3.0		3.000000e+00
-var					
-varfloor		0.0001		1.000000e-04
-varnorm		no		no
-verbose		no		no
-warp_params				
-warp_type		inverse_linear	inverse_linear
-wbeam			7e-29		7.000000e-29
-wip			0.65		6.500000e-01
-wlen			0.025625	2.562500e-02

INFO: feat.c(715): Initializing feature stream to type: '1s_c_d_dd', ceplen=13, CMN='batch', VARNORM='no', AGC='none'
INFO: acmod.c(162): Using subvector specification 0-12/13-25/26-38
INFO: mdef.c(518): Reading model definition: files/sphinx/models\en-us/en-us/mdef
INFO: bin_mdef.c(181): Allocating 142108 * 8 bytes (1110 KiB) for CD tree
INFO: tmat.c(149): Reading HMM transition probability matrices: files/sphinx/models\en-us/en-us/transition_matrices
INFO: acmod.c(113): Attempting to use PTM computation module
INFO: ms_gauden.c(127): Reading mixture gaussian parameter: files/sphinx/models\en-us/en-us/means
INFO: ms_gauden.c(242): 42 codebook, 3 feature, size: 
INFO: ms_gauden.c(244):  128x13
INFO: ms_gauden.c(244):  128x13
INFO: ms_gauden.c(244):  128x13
INFO: ms_gauden.c(127): Reading mixture gaussian parameter: files/sphinx/models\en-us/en-us/variances
INFO: ms_gauden.c(242): 42 codebook, 3 feature, size: 
INFO: ms_gauden.c(244):  128x13
INFO: ms_gauden.c(244):  128x13
INFO: ms_gauden.c(244):  128x13
INFO: ms_gauden.c(304): 222 variance values floored
INFO: ptm_mgau.c(475): Loading senones from dump file files/sphinx/models\en-us/en-us/sendump
INFO: ptm_mgau.c(499): BEGIN FILE FORMAT DESCRIPTION
INFO: ptm_mgau.c(562): Rows: 128, Columns: 5126
INFO: ptm_mgau.c(594): Using memory-mapped I/O for senones
INFO: ptm_mgau.c(837): Maximum top-N: 4
INFO: phone_loop_search.c(114): State beam -225 Phone exit beam -225 Insertion penalty 0
INFO: dict.c(320): Allocating 138623 * 20 bytes (2707 KiB) for word entries
INFO: dict.c(333): Reading main dictionary: files/sphinx/models\en-us/cmudict-en-us.dict
INFO: dict.c(213): Dictionary size 134522, allocated 1014 KiB for strings, 1677 KiB for phones
INFO: dict.c(336): 134522 words read
INFO: dict.c(358): Reading filler dictionary: files/sphinx/models\en-us/en-us/noisedict
INFO: dict.c(213): Dictionary size 134527, allocated 0 KiB for strings, 0 KiB for phones
INFO: dict.c(361): 5 words read
INFO: dict2pid.c(396): Building PID tables for dictionary
INFO: dict2pid.c(406): Allocating 42^3 * 2 bytes (144 KiB) for word-initial triphones
INFO: dict2pid.c(132): Allocated 21336 bytes (20 KiB) for word-final triphones
INFO: dict2pid.c(196): Allocated 21336 bytes (20 KiB) for single-phone word triphones
INFO: kws_search.c(406): KWS(beam: -1080, plp: -23, default threshold -675, delay 10)
INFO: cmn_live.c(120): Update from < 40.00  3.00 -1.00  0.00  0.00  0.00  0.00  0.00  0.00  0.00  0.00  0.00  0.00 >
INFO: cmn_live.c(138): Update to   < 36.45 17.81 10.75 -3.50  3.28  3.83  3.88 -0.28 -4.55 -3.29  4.69  3.26 -2.13 >
INFO: kws_search.c(656): kws 0.13 CPU 0.016 xRT
INFO: kws_search.c(658): kws 8.26 wall 1.034 xRT
INFO: cmn_live.c(88): Update from < 36.45 17.81 10.75 -3.50  3.28  3.83  3.88 -0.28 -4.55 -3.29  4.69  3.26 -2.13 >
INFO: cmn_live.c(105): Update to   < 36.40 17.76 10.81 -3.40  3.29  3.85  3.98 -0.31 -4.65 -3.31  4.60  3.16 -2.16 >
INFO: kws_search.c(656): kws 0.11 CPU 0.036 xRT
INFO: kws_search.c(658): kws 8.50 wall 2.835 xRT
INFO: cmn_live.c(88): Update from < 36.40 17.76 10.81 -3.40  3.29  3.85  3.98 -0.31 -4.65 -3.31  4.60  3.16 -2.16 >
INFO: cmn_live.c(105): Update to   < 36.94 13.96  7.69 -2.22  2.15  3.16  4.48 -1.24 -3.11 -5.39  3.87  6.56 -3.44 >
INFO: cmn_live.c(88): Update from < 36.94 13.96  7.69 -2.22  2.15  3.16  4.48 -1.24 -3.11 -5.39  3.87  6.56 -3.44 >
INFO: cmn_live.c(105): Update to   < 38.78 14.61  7.93 -2.86  2.12  2.00  2.83 -2.02 -3.78 -5.71  3.99  6.42 -3.89 >
INFO: cmn_live.c(88): Update from < 38.78 14.61  7.93 -2.86  2.12  2.00  2.83 -2.02 -3.78 -5.71  3.99  6.42 -3.89 >
INFO: cmn_live.c(105): Update to   < 40.77 13.05  9.93 -4.03  0.85 -1.09  3.48 -3.16 -6.12 -5.74  4.43  6.42 -4.68 >
INFO: cmn_live.c(88): Update from < 40.77 13.05  9.93 -4.03  0.85 -1.09  3.48 -3.16 -6.12 -5.74  4.43  6.42 -4.68 >
INFO: cmn_live.c(105): Update to   < 39.02 14.10  9.38 -2.73 -0.67 -1.47  3.82 -1.64 -6.90 -7.00  3.51  5.29 -2.71 >
INFO: kws_search.c(448): TOTAL kws 0.23 CPU 0.021 xRT
INFO: kws_search.c(451): TOTAL kws 16.77 wall 1.529 xRT
INFO: pocketsphinx.c(152): Parsed model-specific feature parameters from files/sphinx/models\en-us/en-us/feat.params
Current configuration:
[NAME]			[DEFLT]		[VALUE]
-agc			none		none
-agcthresh		2.0		2.000000e+00
-allphone				
-allphone_ci		yes		yes
-alpha			0.97		9.700000e-01
-ascale			20.0		2.000000e+01
-aw			1		1
-backtrace		no		no
-beam			1e-48		1.000000e-48
-bestpath		yes		yes
-bestpathlw		9.5		9.500000e+00
-ceplen			13		13
-cmn			live		current
-cmninit		40,3,-1		40,3,-1
-compallsen		no		no
-dict					files/sphinx/models\en-us/cmudict-en-us.dict
-dictcase		no		no
-dither			no		no
-doublebw		no		no
-ds			1		1
-fdict					
-feat			1s_c_d_dd	1s_c_d_dd
-featparams				
-fillprob		1e-8		1.000000e-08
-frate			100		100
-fsg					
-fsgusealtpron		yes		yes
-fsgusefiller		yes		yes
-fwdflat		yes		yes
-fwdflatbeam		1e-64		1.000000e-64
-fwdflatefwid		4		4
-fwdflatlw		8.5		8.500000e+00
-fwdflatsfwin		25		25
-fwdflatwbeam		7e-29		7.000000e-29
-fwdtree		yes		yes
-hmm					files/sphinx/models\en-us/en-us
-input_endian		little		little
-jsgf					
-keyphrase				Test
-kws					
-kws_delay		10		10
-kws_plp		1e-1		1.000000e-01
-kws_threshold		1e-30		1.000000e-30
-latsize		5000		5000
-lda					
-ldadim			0		0
-lifter			0		22
-lm					
-lmctl					
-lmname					
-logbase		1.0001		1.000100e+00
-logfn					files/sphinx.log
-logspec		no		no
-lowerf			133.33334	1.300000e+02
-lpbeam			1e-40		1.000000e-40
-lponlybeam		7e-29		7.000000e-29
-lw			6.5		6.500000e+00
-maxhmmpf		30000		30000
-maxwpf			-1		-1
-mdef					
-mean					
-mfclogdir				
-min_endfr		0		0
-mixw					
-mixwfloor		0.0000001	1.000000e-07
-mllr					
-mmap			yes		yes
-ncep			13		13
-nfft			512		512
-nfilt			40		25
-nwpen			1.0		1.000000e+00
-pbeam			1e-48		1.000000e-48
-pip			1.0		1.000000e+00
-pl_beam		1e-10		1.000000e-10
-pl_pbeam		1e-10		1.000000e-10
-pl_pip			1.0		1.000000e+00
-pl_weight		3.0		3.000000e+00
-pl_window		5		5
-rawlogdir				
-remove_dc		no		no
-remove_noise		yes		yes
-remove_silence		yes		yes
-round_filters		yes		yes
-samprate		16000		1.600000e+04
-seed			-1		-1
-sendump				
-senlogdir				
-senmgau				
-silprob		0.005		5.000000e-03
-smoothspec		no		no
-svspec					0-12/13-25/26-38
-tmat					
-tmatfloor		0.0001		1.000000e-04
-topn			4		4
-topn_beam		0		0
-toprule				
-transform		legacy		dct
-unit_area		yes		yes
-upperf			6855.4976	6.800000e+03
-uw			1.0		1.000000e+00
-vad_postspeech		50		50
-vad_prespeech		20		20
-vad_startspeech	10		10
-vad_threshold		3.0		3.000000e+00
-var					
-varfloor		0.0001		1.000000e-04
-varnorm		no		no
-verbose		no		no
-warp_params				
-warp_type		inverse_linear	inverse_linear
-wbeam			7e-29		7.000000e-29
-wip			0.65		6.500000e-01
-wlen			0.025625	2.562500e-02

INFO: feat.c(715): Initializing feature stream to type: '1s_c_d_dd', ceplen=13, CMN='batch', VARNORM='no', AGC='none'
INFO: acmod.c(162): Using subvector specification 0-12/13-25/26-38
INFO: mdef.c(518): Reading model definition: files/sphinx/models\en-us/en-us/mdef
INFO: bin_mdef.c(181): Allocating 142108 * 8 bytes (1110 KiB) for CD tree
INFO: tmat.c(149): Reading HMM transition probability matrices: files/sphinx/models\en-us/en-us/transition_matrices
INFO: acmod.c(113): Attempting to use PTM computation module
INFO: ms_gauden.c(127): Reading mixture gaussian parameter: files/sphinx/models\en-us/en-us/means
INFO: ms_gauden.c(242): 42 codebook, 3 feature, size: 
INFO: ms_gauden.c(244):  128x13
INFO: ms_gauden.c(244):  128x13
INFO: ms_gauden.c(244):  128x13
INFO: ms_gauden.c(127): Reading mixture gaussian parameter: files/sphinx/models\en-us/en-us/variances
INFO: ms_gauden.c(242): 42 codebook, 3 feature, size: 
INFO: ms_gauden.c(244):  128x13
INFO: ms_gauden.c(244):  128x13
INFO: ms_gauden.c(244):  128x13
INFO: ms_gauden.c(304): 222 variance values floored
INFO: ptm_mgau.c(475): Loading senones from dump file files/sphinx/models\en-us/en-us/sendump
INFO: ptm_mgau.c(499): BEGIN FILE FORMAT DESCRIPTION
INFO: ptm_mgau.c(562): Rows: 128, Columns: 5126
INFO: ptm_mgau.c(594): Using memory-mapped I/O for senones
INFO: ptm_mgau.c(837): Maximum top-N: 4
INFO: phone_loop_search.c(114): State beam -225 Phone exit beam -225 Insertion penalty 0
INFO: dict.c(320): Allocating 138623 * 20 bytes (2707 KiB) for word entries
INFO: dict.c(333): Reading main dictionary: files/sphinx/models\en-us/cmudict-en-us.dict
INFO: dict.c(213): Dictionary size 134522, allocated 1014 KiB for strings, 1677 KiB for phones
INFO: dict.c(336): 134522 words read
INFO: dict.c(358): Reading filler dictionary: files/sphinx/models\en-us/en-us/noisedict
INFO: dict.c(213): Dictionary size 134527, allocated 0 KiB for strings, 0 KiB for phones
INFO: dict.c(361): 5 words read
INFO: dict2pid.c(396): Building PID tables for dictionary
INFO: dict2pid.c(406): Allocating 42^3 * 2 bytes (144 KiB) for word-initial triphones
INFO: dict2pid.c(132): Allocated 21336 bytes (20 KiB) for word-final triphones
INFO: dict2pid.c(196): Allocated 21336 bytes (20 KiB) for single-phone word triphones
INFO: kws_search.c(406): KWS(beam: -1080, plp: -23, default threshold -675, delay 10)
ERROR: "kws_search.c", line 528: Word 'Test' in phrase 'Test' is missing in the dictionary
INFO: cmn_live.c(88): Update from < 40.00  3.00 -1.00  0.00  0.00  0.00  0.00  0.00  0.00  0.00  0.00  0.00  0.00 >
INFO: cmn_live.c(105): Update to   < 54.25 18.75  4.88 -5.15 -1.20  0.19 -0.89 -8.81 -1.03 -3.39  8.51  1.76 -7.13 >
INFO: cmn_live.c(88): Update from < 54.25 18.75  4.88 -5.15 -1.20  0.19 -0.89 -8.81 -1.03 -3.39  8.51  1.76 -7.13 >
INFO: cmn_live.c(105): Update to   < 53.82 21.07  4.40 -1.98 -2.84 -2.76 -0.10 -5.23 -1.52 -7.02  3.18  1.73 -5.04 >
INFO: cmn_live.c(88): Update from < 53.82 21.07  4.40 -1.98 -2.84 -2.76 -0.10 -5.23 -1.52 -7.02  3.18  1.73 -5.04 >
INFO: cmn_live.c(105): Update to   < 48.41 19.73  5.75 -1.98 -1.38  0.01  0.43 -3.80 -0.84 -8.29  0.97  3.00 -2.53 >
INFO: cmn_live.c(88): Update from < 48.41 19.73  5.75 -1.98 -1.38  0.01  0.43 -3.80 -0.84 -8.29  0.97  3.00 -2.53 >
INFO: cmn_live.c(105): Update to   < 43.59 19.07  7.34 -1.28 -0.87  3.26  3.62 -1.82  0.72 -8.20  2.00  3.40 -2.29 >
INFO: kws_search.c(448): TOTAL kws 0.00 CPU -nan(ind) xRT
INFO: kws_search.c(451): TOTAL kws 0.00 wall -nan(ind) xRT
INFO: pocketsphinx.c(152): Parsed model-specific feature parameters from files/sphinx/models\en-us/en-us/feat.params
Current configuration:
[NAME]			[DEFLT]		[VALUE]
-agc			none		none
-agcthresh		2.0		2.000000e+00
-allphone				
-allphone_ci		yes		yes
-alpha			0.97		9.700000e-01
-ascale			20.0		2.000000e+01
-aw			1		1
-backtrace		no		no
-beam			1e-48		1.000000e-48
-bestpath		yes		yes
-bestpathlw		9.5		9.500000e+00
-ceplen			13		13
-cmn			live		current
-cmninit		40,3,-1		40,3,-1
-compallsen		no		no
-dict					files/sphinx/models\en-us/cmudict-en-us.dict
-dictcase		no		no
-dither			no		no
-doublebw		no		no
-ds			1		1
-fdict					
-feat			1s_c_d_dd	1s_c_d_dd
-featparams				
-fillprob		1e-8		1.000000e-08
-frate			100		100
-fsg					
-fsgusealtpron		yes		yes
-fsgusefiller		yes		yes
-fwdflat		yes		yes
-fwdflatbeam		1e-64		1.000000e-64
-fwdflatefwid		4		4
-fwdflatlw		8.5		8.500000e+00
-fwdflatsfwin		25		25
-fwdflatwbeam		7e-29		7.000000e-29
-fwdtree		yes		yes
-hmm					files/sphinx/models\en-us/en-us
-input_endian		little		little
-jsgf					
-keyphrase				test
-kws					
-kws_delay		10		10
-kws_plp		1e-1		1.000000e-01
-kws_threshold		1e-30		1.000000e-30
-latsize		5000		5000
-lda					
-ldadim			0		0
-lifter			0		22
-lm					
-lmctl					
-lmname					
-logbase		1.0001		1.000100e+00
-logfn					files/sphinx.log
-logspec		no		no
-lowerf			133.33334	1.300000e+02
-lpbeam			1e-40		1.000000e-40
-lponlybeam		7e-29		7.000000e-29
-lw			6.5		6.500000e+00
-maxhmmpf		30000		30000
-maxwpf			-1		-1
-mdef					
-mean					
-mfclogdir				
-min_endfr		0		0
-mixw					
-mixwfloor		0.0000001	1.000000e-07
-mllr					
-mmap			yes		yes
-ncep			13		13
-nfft			512		512
-nfilt			40		25
-nwpen			1.0		1.000000e+00
-pbeam			1e-48		1.000000e-48
-pip			1.0		1.000000e+00
-pl_beam		1e-10		1.000000e-10
-pl_pbeam		1e-10		1.000000e-10
-pl_pip			1.0		1.000000e+00
-pl_weight		3.0		3.000000e+00
-pl_window		5		5
-rawlogdir				
-remove_dc		no		no
-remove_noise		yes		yes
-remove_silence		yes		yes
-round_filters		yes		yes
-samprate		16000		1.600000e+04
-seed			-1		-1
-sendump				
-senlogdir				
-senmgau				
-silprob		0.005		5.000000e-03
-smoothspec		no		no
-svspec					0-12/13-25/26-38
-tmat					
-tmatfloor		0.0001		1.000000e-04
-topn			4		4
-topn_beam		0		0
-toprule				
-transform		legacy		dct
-unit_area		yes		yes
-upperf			6855.4976	6.800000e+03
-uw			1.0		1.000000e+00
-vad_postspeech		50		50
-vad_prespeech		20		20
-vad_startspeech	10		10
-vad_threshold		3.0		3.000000e+00
-var					
-varfloor		0.0001		1.000000e-04
-varnorm		no		no
-verbose		no		no
-warp_params				
-warp_type		inverse_linear	inverse_linear
-wbeam			7e-29		7.000000e-29
-wip			0.65		6.500000e-01
-wlen			0.025625	2.562500e-02

INFO: feat.c(715): Initializing feature stream to type: '1s_c_d_dd', ceplen=13, CMN='batch', VARNORM='no', AGC='none'
INFO: acmod.c(162): Using subvector specification 0-12/13-25/26-38
INFO: mdef.c(518): Reading model definition: files/sphinx/models\en-us/en-us/mdef
INFO: bin_mdef.c(181): Allocating 142108 * 8 bytes (1110 KiB) for CD tree
INFO: tmat.c(149): Reading HMM transition probability matrices: files/sphinx/models\en-us/en-us/transition_matrices
INFO: acmod.c(113): Attempting to use PTM computation module
INFO: ms_gauden.c(127): Reading mixture gaussian parameter: files/sphinx/models\en-us/en-us/means
INFO: ms_gauden.c(242): 42 codebook, 3 feature, size: 
INFO: ms_gauden.c(244):  128x13
INFO: ms_gauden.c(244):  128x13
INFO: ms_gauden.c(244):  128x13
INFO: ms_gauden.c(127): Reading mixture gaussian parameter: files/sphinx/models\en-us/en-us/variances
INFO: ms_gauden.c(242): 42 codebook, 3 feature, size: 
INFO: ms_gauden.c(244):  128x13
INFO: ms_gauden.c(244):  128x13
INFO: ms_gauden.c(244):  128x13
INFO: ms_gauden.c(304): 222 variance values floored
INFO: ptm_mgau.c(475): Loading senones from dump file files/sphinx/models\en-us/en-us/sendump
INFO: ptm_mgau.c(499): BEGIN FILE FORMAT DESCRIPTION
INFO: ptm_mgau.c(562): Rows: 128, Columns: 5126
INFO: ptm_mgau.c(594): Using memory-mapped I/O for senones
INFO: ptm_mgau.c(837): Maximum top-N: 4
INFO: phone_loop_search.c(114): State beam -225 Phone exit beam -225 Insertion penalty 0
INFO: dict.c(320): Allocating 138623 * 20 bytes (2707 KiB) for word entries
INFO: dict.c(333): Reading main dictionary: files/sphinx/models\en-us/cmudict-en-us.dict
INFO: dict.c(213): Dictionary size 134522, allocated 1014 KiB for strings, 1677 KiB for phones
INFO: dict.c(336): 134522 words read
INFO: dict.c(358): Reading filler dictionary: files/sphinx/models\en-us/en-us/noisedict
INFO: dict.c(213): Dictionary size 134527, allocated 0 KiB for strings, 0 KiB for phones
INFO: dict.c(361): 5 words read
INFO: dict2pid.c(396): Building PID tables for dictionary
INFO: dict2pid.c(406): Allocating 42^3 * 2 bytes (144 KiB) for word-initial triphones
INFO: dict2pid.c(132): Allocated 21336 bytes (20 KiB) for word-final triphones
INFO: dict2pid.c(196): Allocated 21336 bytes (20 KiB) for single-phone word triphones
INFO: kws_search.c(406): KWS(beam: -1080, plp: -23, default threshold -675, delay 10)
INFO: cmn_live.c(120): Update from < 40.00  3.00 -1.00  0.00  0.00  0.00  0.00  0.00  0.00  0.00  0.00  0.00  0.00 >
INFO: cmn_live.c(138): Update to   < 61.86 14.83  7.51 -3.86 -2.62  0.95 -9.89  0.13  9.78 -10.54 -7.59  5.37 -7.75 >
INFO: kws_search.c(656): kws 0.05 CPU 0.056 xRT
INFO: kws_search.c(658): kws 0.64 wall 0.775 xRT
INFO: cmn_live.c(120): Update from < 61.86 14.83  7.51 -3.86 -2.62  0.95 -9.89  0.13  9.78 -10.54 -7.59  5.37 -7.75 >
INFO: cmn_live.c(138): Update to   < 57.43 16.72  3.80 -6.26 -3.87  0.40 -12.39 -4.68  8.23 -12.27 -8.22  3.59 -8.62 >
INFO: kws_search.c(656): kws 0.11 CPU 0.091 xRT
INFO: kws_search.c(658): kws 2.05 wall 1.712 xRT
INFO: cmn_live.c(120): Update from < 57.43 16.72  3.80 -6.26 -3.87  0.40 -12.39 -4.68  8.23 -12.27 -8.22  3.59 -8.62 >
INFO: cmn_live.c(138): Update to   < 52.63 19.29  3.56 -3.83 -3.11 -1.92 -9.47 -4.45  5.37 -10.52 -4.98  1.97 -3.62 >
INFO: kws_search.c(656): kws 0.09 CPU 0.074 xRT
INFO: kws_search.c(658): kws 1.47 wall 1.154 xRT
INFO: cmn_live.c(120): Update from < 52.63 19.29  3.56 -3.83 -3.11 -1.92 -9.47 -4.45  5.37 -10.52 -4.98  1.97 -3.62 >
INFO: cmn_live.c(138): Update to   < 49.10 20.03  3.77  0.49 -1.62 -2.53 -7.78 -7.25  4.04 -7.41 -3.52  1.91 -0.11 >
INFO: kws_search.c(656): kws 0.13 CPU 0.055 xRT
INFO: kws_search.c(658): kws 3.65 wall 1.594 xRT
INFO: cmn_live.c(120): Update from < 49.10 20.03  3.77  0.49 -1.62 -2.53 -7.78 -7.25  4.04 -7.41 -3.52  1.91 -0.11 >
INFO: cmn_live.c(138): Update to   < 49.34 20.89  3.76 -0.89 -2.95 -4.14 -6.39 -7.45  3.50 -8.63 -2.95  2.29  1.20 >
INFO: kws_search.c(656): kws 0.02 CPU 0.015 xRT
INFO: kws_search.c(658): kws 1.09 wall 1.038 xRT
INFO: cmn_live.c(88): Update from < 49.34 20.89  3.76 -0.89 -2.95 -4.14 -6.39 -7.45  3.50 -8.63 -2.95  2.29  1.20 >
INFO: cmn_live.c(105): Update to   < 49.78 20.56  3.80  0.91 -1.98 -3.06 -5.77 -7.18  2.67 -7.74 -1.76  1.44 -0.06 >
INFO: kws_search.c(656): kws 0.08 CPU 0.055 xRT
INFO: kws_search.c(658): kws 1.86 wall 1.299 xRT
INFO: cmn_live.c(120): Update from < 49.78 20.56  3.80  0.91 -1.98 -3.06 -5.77 -7.18  2.67 -7.74 -1.76  1.44 -0.06 >
INFO: cmn_live.c(138): Update to   < 52.91 19.52  2.01  2.57 -2.41 -0.96 -3.91 -6.55  2.48 -9.26  0.09  3.38 -1.85 >
INFO: kws_search.c(656): kws 0.08 CPU 0.047 xRT
INFO: kws_search.c(658): kws 1.66 wall 1.001 xRT
INFO: cmn_live.c(120): Update from < 52.91 19.52  2.01  2.57 -2.41 -0.96 -3.91 -6.55  2.48 -9.26  0.09  3.38 -1.85 >
INFO: cmn_live.c(138): Update to   < 53.66 18.79  1.09  1.53 -3.80 -0.95 -1.45 -4.80  2.50 -8.38  0.47  4.75 -3.01 >
INFO: kws_search.c(656): kws 0.11 CPU 0.084 xRT
INFO: kws_search.c(658): kws 1.73 wall 1.332 xRT
INFO: kws_search.c(448): TOTAL kws 0.66 CPU 0.060 xRT
INFO: kws_search.c(451): TOTAL kws 14.15 wall 1.293 xRT
INFO: pocketsphinx.c(152): Parsed model-specific feature parameters from files/sphinx/models\en-us/en-us/feat.params
Current configuration:
[NAME]			[DEFLT]		[VALUE]
-agc			none		none
-agcthresh		2.0		2.000000e+00
-allphone				
-allphone_ci		yes		yes
-alpha			0.97		9.700000e-01
-ascale			20.0		2.000000e+01
-aw			1		1
-backtrace		no		no
-beam			1e-48		1.000000e-48
-bestpath		yes		yes
-bestpathlw		9.5		9.500000e+00
-ceplen			13		13
-cmn			live		current
-cmninit		40,3,-1		40,3,-1
-compallsen		no		no
-dict					files/sphinx/models\en-us/cmudict-en-us.dict
-dictcase		no		no
-dither			no		no
-doublebw		no		no
-ds			1		1
-fdict					
-feat			1s_c_d_dd	1s_c_d_dd
-featparams				
-fillprob		1e-8		1.000000e-08
-frate			100		100
-fsg					
-fsgusealtpron		yes		yes
-fsgusefiller		yes		yes
-fwdflat		yes		yes
-fwdflatbeam		1e-64		1.000000e-64
-fwdflatefwid		4		4
-fwdflatlw		8.5		8.500000e+00
-fwdflatsfwin		25		25
-fwdflatwbeam		7e-29		7.000000e-29
-fwdtree		yes		yes
-hmm					files/sphinx/models\en-us/en-us
-input_endian		little		little
-jsgf					
-keyphrase				test
-kws					
-kws_delay		10		10
-kws_plp		1e-1		1.000000e-01
-kws_threshold		1e-30		1.000000e-30
-latsize		5000		5000
-lda					
-ldadim			0		0
-lifter			0		22
-lm					
-lmctl					
-lmname					
-logbase		1.0001		1.000100e+00
-logfn					files/sphinx.log
-logspec		no		no
-lowerf			133.33334	1.300000e+02
-lpbeam			1e-40		1.000000e-40
-lponlybeam		7e-29		7.000000e-29
-lw			6.5		6.500000e+00
-maxhmmpf		30000		30000
-maxwpf			-1		-1
-mdef					
-mean					
-mfclogdir				
-min_endfr		0		0
-mixw					
-mixwfloor		0.0000001	1.000000e-07
-mllr					
-mmap			yes		yes
-ncep			13		13
-nfft			512		512
-nfilt			40		25
-nwpen			1.0		1.000000e+00
-pbeam			1e-48		1.000000e-48
-pip			1.0		1.000000e+00
-pl_beam		1e-10		1.000000e-10
-pl_pbeam		1e-10		1.000000e-10
-pl_pip			1.0		1.000000e+00
-pl_weight		3.0		3.000000e+00
-pl_window		5		5
-rawlogdir				
-remove_dc		no		no
-remove_noise		yes		yes
-remove_silence		yes		yes
-round_filters		yes		yes
-samprate		16000		1.600000e+04
-seed			-1		-1
-sendump				
-senlogdir				
-senmgau				
-silprob		0.005		5.000000e-03
-smoothspec		no		no
-svspec					0-12/13-25/26-38
-tmat					
-tmatfloor		0.0001		1.000000e-04
-topn			4		4
-topn_beam		0		0
-toprule				
-transform		legacy		dct
-unit_area		yes		yes
-upperf			6855.4976	6.800000e+03
-uw			1.0		1.000000e+00
-vad_postspeech		50		50
-vad_prespeech		20		20
-vad_startspeech	10		10
-vad_threshold		3.0		3.000000e+00
-var					
-varfloor		0.0001		1.000000e-04
-varnorm		no		no
-verbose		no		no
-warp_params				
-warp_type		inverse_linear	inverse_linear
-wbeam			7e-29		7.000000e-29
-wip			0.65		6.500000e-01
-wlen			0.025625	2.562500e-02

INFO: feat.c(715): Initializing feature stream to type: '1s_c_d_dd', ceplen=13, CMN='batch', VARNORM='no', AGC='none'
INFO: acmod.c(162): Using subvector specification 0-12/13-25/26-38
INFO: mdef.c(518): Reading model definition: files/sphinx/models\en-us/en-us/mdef
INFO: bin_mdef.c(181): Allocating 142108 * 8 bytes (1110 KiB) for CD tree
INFO: tmat.c(149): Reading HMM transition probability matrices: files/sphinx/models\en-us/en-us/transition_matrices
INFO: acmod.c(113): Attempting to use PTM computation module
INFO: ms_gauden.c(127): Reading mixture gaussian parameter: files/sphinx/models\en-us/en-us/means
INFO: ms_gauden.c(242): 42 codebook, 3 feature, size: 
INFO: ms_gauden.c(244):  128x13
INFO: ms_gauden.c(244):  128x13
INFO: ms_gauden.c(244):  128x13
INFO: ms_gauden.c(127): Reading mixture gaussian parameter: files/sphinx/models\en-us/en-us/variances
INFO: ms_gauden.c(242): 42 codebook, 3 feature, size: 
INFO: ms_gauden.c(244):  128x13
INFO: ms_gauden.c(244):  128x13
INFO: ms_gauden.c(244):  128x13
INFO: ms_gauden.c(304): 222 variance values floored
INFO: ptm_mgau.c(475): Loading senones from dump file files/sphinx/models\en-us/en-us/sendump
INFO: ptm_mgau.c(499): BEGIN FILE FORMAT DESCRIPTION
INFO: ptm_mgau.c(562): Rows: 128, Columns: 5126
INFO: ptm_mgau.c(594): Using memory-mapped I/O for senones
INFO: ptm_mgau.c(837): Maximum top-N: 4
INFO: phone_loop_search.c(114): State beam -225 Phone exit beam -225 Insertion penalty 0
INFO: dict.c(320): Allocating 138623 * 20 bytes (2707 KiB) for word entries
INFO: dict.c(333): Reading main dictionary: files/sphinx/models\en-us/cmudict-en-us.dict
INFO: dict.c(213): Dictionary size 134522, allocated 1014 KiB for strings, 1677 KiB for phones
INFO: dict.c(336): 134522 words read
INFO: dict.c(358): Reading filler dictionary: files/sphinx/models\en-us/en-us/noisedict
INFO: dict.c(213): Dictionary size 134527, allocated 0 KiB for strings, 0 KiB for phones
INFO: dict.c(361): 5 words read
INFO: dict2pid.c(396): Building PID tables for dictionary
INFO: dict2pid.c(406): Allocating 42^3 * 2 bytes (144 KiB) for word-initial triphones
INFO: dict2pid.c(132): Allocated 21336 bytes (20 KiB) for word-final triphones
INFO: dict2pid.c(196): Allocated 21336 bytes (20 KiB) for single-phone word triphones
INFO: kws_search.c(406): KWS(beam: -1080, plp: -23, default threshold -675, delay 10)
INFO: cmn_live.c(88): Update from < 40.00  3.00 -1.00  0.00  0.00  0.00  0.00  0.00  0.00  0.00  0.00  0.00  0.00 >
INFO: cmn_live.c(105): Update to   < 38.77 27.13  5.82 -4.63  2.03  2.05 -3.70 -2.24 -5.28 -9.55  3.18 -3.41 -7.41 >
INFO: cmn_live.c(120): Update from < 38.77 27.13  5.82 -4.63  2.03  2.05 -3.70 -2.24 -5.28 -9.55  3.18 -3.41 -7.41 >
INFO: cmn_live.c(138): Update to   < 39.35 27.27  5.89 -2.40  2.47  1.00 -4.79 -3.46 -5.63 -10.15  2.08 -4.40 -7.31 >
INFO: kws_search.c(656): kws 1.17 CPU 0.134 xRT
INFO: kws_search.c(658): kws 9.35 wall 1.073 xRT
INFO: cmn_live.c(120): Update from < 39.35 27.27  5.89 -2.40  2.47  1.00 -4.79 -3.46 -5.63 -10.15  2.08 -4.40 -7.31 >
INFO: cmn_live.c(138): Update to   < 39.37 26.41  6.87 -2.96  2.30  0.66 -4.01 -4.41 -6.67 -10.49  2.26 -4.29 -7.08 >
INFO: kws_search.c(656): kws 0.05 CPU 0.107 xRT
INFO: kws_search.c(658): kws 0.45 wall 1.023 xRT
INFO: cmn_live.c(88): Update from < 39.37 26.41  6.87 -2.96  2.30  0.66 -4.01 -4.41 -6.67 -10.49  2.26 -4.29 -7.08 >
INFO: cmn_live.c(105): Update to   < 37.78 23.93 11.09 -2.84  2.47  0.39 -3.79 -4.41 -9.28 -11.05  0.91 -3.19 -6.61 >
INFO: kws_search.c(448): TOTAL kws 1.22 CPU 0.133 xRT
INFO: kws_search.c(451): TOTAL kws 9.80 wall 1.073 xRT
